{"F:\\Toy Trove Hub\\Backendd\\src\\config\\config.js": {"path":"F:\\Toy Trove Hub\\Backendd\\src\\config\\config.js","statementMap":{"0":{"start":{"line":1,"column":0},"end":{"line":1,"column":27}},"1":{"start":{"line":3,"column":12},"end":{"line":10,"column":1}},"2":{"start":{"line":12,"column":0},"end":{"line":12,"column":21}}},"fnMap":{},"branchMap":{"0":{"loc":{"start":{"line":5,"column":10},"end":{"line":5,"column":34}},"type":"binary-expr","locations":[{"start":{"line":5,"column":10},"end":{"line":5,"column":26}},{"start":{"line":5,"column":30},"end":{"line":5,"column":34}}],"line":5}},"s":{"0":1,"1":1,"2":1},"f":{},"b":{"0":[1,1]},"_coverageSchema":"1a1c01bbd47fc00a2c39e90264f33305004495a9","hash":"781b18333f463d08934e4a07b1542224220437f4"}
,"F:\\Toy Trove Hub\\Backendd\\src\\config\\db.js": {"path":"F:\\Toy Trove Hub\\Backendd\\src\\config\\db.js","statementMap":{"0":{"start":{"line":1,"column":17},"end":{"line":1,"column":36}},"1":{"start":{"line":2,"column":15},"end":{"line":2,"column":34}},"2":{"start":{"line":5,"column":15},"end":{"line":5,"column":30}},"3":{"start":{"line":17,"column":0},"end":{"line":21,"column":3}},"4":{"start":{"line":23,"column":0},"end":{"line":25,"column":3}},"5":{"start":{"line":24,"column":22},"end":{"line":24,"column":94}},"6":{"start":{"line":27,"column":0},"end":{"line":29,"column":3}},"7":{"start":{"line":28,"column":2},"end":{"line":28,"column":52}},"8":{"start":{"line":31,"column":0},"end":{"line":33,"column":3}},"9":{"start":{"line":32,"column":22},"end":{"line":32,"column":94}},"10":{"start":{"line":35,"column":0},"end":{"line":40,"column":3}},"11":{"start":{"line":36,"column":2},"end":{"line":39,"column":5}},"12":{"start":{"line":37,"column":24},"end":{"line":37,"column":124}},"13":{"start":{"line":38,"column":4},"end":{"line":38,"column":20}},"14":{"start":{"line":47,"column":85},"end":{"line":47,"column":37448}},"15":{"start":{"line":47,"column":89},"end":{"line":47,"column":37437}}},"fnMap":{"0":{"name":"(anonymous_0)","decl":{"start":{"line":23,"column":36},"end":{"line":23,"column":37}},"loc":{"start":{"line":23,"column":42},"end":{"line":25,"column":1}},"line":23},"1":{"name":"(anonymous_1)","decl":{"start":{"line":27,"column":32},"end":{"line":27,"column":33}},"loc":{"start":{"line":27,"column":41},"end":{"line":29,"column":1}},"line":27},"2":{"name":"(anonymous_2)","decl":{"start":{"line":31,"column":39},"end":{"line":31,"column":40}},"loc":{"start":{"line":31,"column":45},"end":{"line":33,"column":1}},"line":31},"3":{"name":"(anonymous_3)","decl":{"start":{"line":35,"column":21},"end":{"line":35,"column":22}},"loc":{"start":{"line":35,"column":27},"end":{"line":40,"column":1}},"line":35},"4":{"name":"(anonymous_4)","decl":{"start":{"line":36,"column":28},"end":{"line":36,"column":29}},"loc":{"start":{"line":36,"column":34},"end":{"line":39,"column":3}},"line":36},"5":{"name":"oo_cm","decl":{"start":{"line":47,"column":77},"end":{"line":47,"column":82}},"loc":{"start":{"line":47,"column":84},"end":{"line":47,"column":37449}},"line":47}},"branchMap":{"0":{"loc":{"start":{"line":47,"column":96},"end":{"line":47,"column":37436}},"type":"binary-expr","locations":[{"start":{"line":47,"column":96},"end":{"line":47,"column":133}},{"start":{"line":47,"column":137},"end":{"line":47,"column":37436}}],"line":47}},"s":{"0":1,"1":1,"2":1,"3":1,"4":1,"5":1,"6":1,"7":0,"8":1,"9":0,"10":1,"11":0,"12":0,"13":0,"14":1,"15":1},"f":{"0":1,"1":0,"2":0,"3":0,"4":0,"5":1},"b":{"0":[1,1]},"_coverageSchema":"1a1c01bbd47fc00a2c39e90264f33305004495a9","hash":"b76d881348813ac8fed63b956b061474afbee791"}
,"F:\\Toy Trove Hub\\Backendd\\src\\controllers\\payment.controller.js": {"path":"F:\\Toy Trove Hub\\Backendd\\src\\controllers\\payment.controller.js","statementMap":{"0":{"start":{"line":1,"column":16},"end":{"line":1,"column":50}},"1":{"start":{"line":4,"column":22},"end":{"line":23,"column":1}},"2":{"start":{"line":5,"column":2},"end":{"line":22,"column":3}},"3":{"start":{"line":6,"column":50},"end":{"line":6,"column":58}},"4":{"start":{"line":10,"column":20},"end":{"line":15,"column":6}},"5":{"start":{"line":17,"column":4},"end":{"line":17,"column":25}},"6":{"start":{"line":18,"column":4},"end":{"line":18,"column":79}},"7":{"start":{"line":20,"column":4},"end":{"line":20,"column":25}},"8":{"start":{"line":21,"column":4},"end":{"line":21,"column":63}},"9":{"start":{"line":26,"column":23},"end":{"line":34,"column":1}},"10":{"start":{"line":27,"column":2},"end":{"line":33,"column":3}},"11":{"start":{"line":28,"column":21},"end":{"line":28,"column":41}},"12":{"start":{"line":29,"column":4},"end":{"line":29,"column":39}},"13":{"start":{"line":31,"column":4},"end":{"line":31,"column":25}},"14":{"start":{"line":32,"column":4},"end":{"line":32,"column":63}},"15":{"start":{"line":37,"column":26},"end":{"line":51,"column":1}},"16":{"start":{"line":38,"column":2},"end":{"line":50,"column":3}},"17":{"start":{"line":39,"column":22},"end":{"line":39,"column":32}},"18":{"start":{"line":40,"column":20},"end":{"line":40,"column":52}},"19":{"start":{"line":42,"column":4},"end":{"line":44,"column":5}},"20":{"start":{"line":43,"column":6},"end":{"line":43,"column":68}},"21":{"start":{"line":46,"column":4},"end":{"line":46,"column":38}},"22":{"start":{"line":48,"column":4},"end":{"line":48,"column":25}},"23":{"start":{"line":49,"column":4},"end":{"line":49,"column":63}},"24":{"start":{"line":54,"column":23},"end":{"line":68,"column":1}},"25":{"start":{"line":55,"column":2},"end":{"line":67,"column":3}},"26":{"start":{"line":56,"column":19},"end":{"line":56,"column":29}},"27":{"start":{"line":57,"column":20},"end":{"line":57,"column":46}},"28":{"start":{"line":59,"column":4},"end":{"line":61,"column":5}},"29":{"start":{"line":60,"column":6},"end":{"line":60,"column":68}},"30":{"start":{"line":63,"column":4},"end":{"line":63,"column":38}},"31":{"start":{"line":65,"column":4},"end":{"line":65,"column":25}},"32":{"start":{"line":66,"column":4},"end":{"line":66,"column":63}},"33":{"start":{"line":71,"column":26},"end":{"line":85,"column":1}},"34":{"start":{"line":72,"column":2},"end":{"line":84,"column":3}},"35":{"start":{"line":73,"column":19},"end":{"line":73,"column":29}},"36":{"start":{"line":74,"column":20},"end":{"line":74,"column":55}},"37":{"start":{"line":76,"column":4},"end":{"line":78,"column":5}},"38":{"start":{"line":77,"column":6},"end":{"line":77,"column":68}},"39":{"start":{"line":80,"column":4},"end":{"line":80,"column":79}},"40":{"start":{"line":82,"column":4},"end":{"line":82,"column":25}},"41":{"start":{"line":83,"column":4},"end":{"line":83,"column":63}},"42":{"start":{"line":87,"column":0},"end":{"line":93,"column":1}}},"fnMap":{"0":{"name":"(anonymous_0)","decl":{"start":{"line":4,"column":22},"end":{"line":4,"column":23}},"loc":{"start":{"line":4,"column":42},"end":{"line":23,"column":1}},"line":4},"1":{"name":"(anonymous_1)","decl":{"start":{"line":26,"column":23},"end":{"line":26,"column":24}},"loc":{"start":{"line":26,"column":43},"end":{"line":34,"column":1}},"line":26},"2":{"name":"(anonymous_2)","decl":{"start":{"line":37,"column":26},"end":{"line":37,"column":27}},"loc":{"start":{"line":37,"column":46},"end":{"line":51,"column":1}},"line":37},"3":{"name":"(anonymous_3)","decl":{"start":{"line":54,"column":23},"end":{"line":54,"column":24}},"loc":{"start":{"line":54,"column":43},"end":{"line":68,"column":1}},"line":54},"4":{"name":"(anonymous_4)","decl":{"start":{"line":71,"column":26},"end":{"line":71,"column":27}},"loc":{"start":{"line":71,"column":46},"end":{"line":85,"column":1}},"line":71}},"branchMap":{"0":{"loc":{"start":{"line":42,"column":4},"end":{"line":44,"column":5}},"type":"if","locations":[{"start":{"line":42,"column":4},"end":{"line":44,"column":5}},{"start":{},"end":{}}],"line":42},"1":{"loc":{"start":{"line":59,"column":4},"end":{"line":61,"column":5}},"type":"if","locations":[{"start":{"line":59,"column":4},"end":{"line":61,"column":5}},{"start":{},"end":{}}],"line":59},"2":{"loc":{"start":{"line":76,"column":4},"end":{"line":78,"column":5}},"type":"if","locations":[{"start":{"line":76,"column":4},"end":{"line":78,"column":5}},{"start":{},"end":{}}],"line":76}},"s":{"0":1,"1":1,"2":1,"3":1,"4":1,"5":1,"6":1,"7":0,"8":0,"9":1,"10":1,"11":1,"12":1,"13":0,"14":0,"15":1,"16":1,"17":1,"18":1,"19":1,"20":0,"21":1,"22":0,"23":0,"24":1,"25":1,"26":1,"27":1,"28":1,"29":0,"30":1,"31":0,"32":0,"33":1,"34":1,"35":1,"36":1,"37":1,"38":0,"39":1,"40":0,"41":0,"42":1},"f":{"0":1,"1":1,"2":1,"3":1,"4":1},"b":{"0":[0,1],"1":[0,1],"2":[0,1]},"_coverageSchema":"1a1c01bbd47fc00a2c39e90264f33305004495a9","hash":"4806377dd029a3ff881a7595a6515e212bce8c52"}
,"F:\\Toy Trove Hub\\Backendd\\src\\controllers\\toy.controller.js": {"path":"F:\\Toy Trove Hub\\Backendd\\src\\controllers\\toy.controller.js","statementMap":{"0":{"start":{"line":1,"column":18},"end":{"line":1,"column":48}},"1":{"start":{"line":7,"column":18},"end":{"line":40,"column":1}},"2":{"start":{"line":8,"column":2},"end":{"line":39,"column":3}},"3":{"start":{"line":9,"column":24},"end":{"line":9,"column":79}},"4":{"start":{"line":22,"column":8},"end":{"line":22,"column":16}},"5":{"start":{"line":23,"column":19},"end":{"line":34,"column":6}},"6":{"start":{"line":35,"column":4},"end":{"line":35,"column":24}},"7":{"start":{"line":36,"column":4},"end":{"line":36,"column":33}},"8":{"start":{"line":38,"column":4},"end":{"line":38,"column":32}},"9":{"start":{"line":47,"column":16},"end":{"line":106,"column":1}},"10":{"start":{"line":48,"column":2},"end":{"line":105,"column":3}},"11":{"start":{"line":49,"column":21},"end":{"line":49,"column":39}},"12":{"start":{"line":50,"column":24},"end":{"line":50,"column":47}},"13":{"start":{"line":51,"column":18},"end":{"line":51,"column":35}},"14":{"start":{"line":54,"column":4},"end":{"line":78,"column":5}},"15":{"start":{"line":55,"column":6},"end":{"line":77,"column":7}},"16":{"start":{"line":56,"column":31},"end":{"line":59,"column":10}},"17":{"start":{"line":61,"column":8},"end":{"line":70,"column":9}},"18":{"start":{"line":62,"column":36},"end":{"line":66,"column":12}},"19":{"start":{"line":67,"column":10},"end":{"line":67,"column":50}},"20":{"start":{"line":69,"column":10},"end":{"line":69,"column":47}},"21":{"start":{"line":72,"column":28},"end":{"line":72,"column":83}},"22":{"start":{"line":73,"column":28},"end":{"line":75,"column":10}},"23":{"start":{"line":76,"column":8},"end":{"line":76,"column":49}},"24":{"start":{"line":80,"column":4},"end":{"line":96,"column":5}},"25":{"start":{"line":81,"column":29},"end":{"line":83,"column":8}},"26":{"start":{"line":85,"column":6},"end":{"line":95,"column":7}},"27":{"start":{"line":86,"column":28},"end":{"line":86,"column":81}},"28":{"start":{"line":87,"column":34},"end":{"line":90,"column":10}},"29":{"start":{"line":91,"column":28},"end":{"line":91,"column":91}},"30":{"start":{"line":92,"column":8},"end":{"line":92,"column":48}},"31":{"start":{"line":94,"column":8},"end":{"line":94,"column":45}},"32":{"start":{"line":98,"column":4},"end":{"line":102,"column":5}},"33":{"start":{"line":99,"column":19},"end":{"line":99,"column":41}},"34":{"start":{"line":101,"column":6},"end":{"line":101,"column":33}},"35":{"start":{"line":104,"column":4},"end":{"line":104,"column":32}},"36":{"start":{"line":112,"column":21},"end":{"line":123,"column":1}},"37":{"start":{"line":113,"column":2},"end":{"line":122,"column":3}},"38":{"start":{"line":114,"column":24},"end":{"line":114,"column":96}},"39":{"start":{"line":115,"column":15},"end":{"line":115,"column":28}},"40":{"start":{"line":116,"column":22},"end":{"line":116,"column":57}},"41":{"start":{"line":118,"column":24},"end":{"line":118,"column":84}},"42":{"start":{"line":119,"column":4},"end":{"line":119,"column":36}},"43":{"start":{"line":121,"column":4},"end":{"line":121,"column":32}},"44":{"start":{"line":135,"column":18},"end":{"line":155,"column":1}},"45":{"start":{"line":136,"column":2},"end":{"line":154,"column":3}},"46":{"start":{"line":137,"column":24},"end":{"line":137,"column":82}},"47":{"start":{"line":138,"column":15},"end":{"line":138,"column":28}},"48":{"start":{"line":139,"column":22},"end":{"line":139,"column":57}},"49":{"start":{"line":141,"column":4},"end":{"line":141,"column":37}},"50":{"start":{"line":142,"column":4},"end":{"line":142,"column":49}},"51":{"start":{"line":143,"column":4},"end":{"line":143,"column":51}},"52":{"start":{"line":144,"column":4},"end":{"line":144,"column":51}},"53":{"start":{"line":145,"column":4},"end":{"line":145,"column":45}},"54":{"start":{"line":146,"column":4},"end":{"line":146,"column":45}},"55":{"start":{"line":147,"column":4},"end":{"line":147,"column":51}},"56":{"start":{"line":148,"column":4},"end":{"line":148,"column":43}},"57":{"start":{"line":149,"column":4},"end":{"line":149,"column":21}},"58":{"start":{"line":150,"column":24},"end":{"line":150,"column":90}},"59":{"start":{"line":151,"column":4},"end":{"line":151,"column":36}},"60":{"start":{"line":153,"column":4},"end":{"line":153,"column":32}},"61":{"start":{"line":161,"column":18},"end":{"line":168,"column":1}},"62":{"start":{"line":162,"column":2},"end":{"line":167,"column":3}},"63":{"start":{"line":163,"column":22},"end":{"line":163,"column":71}},"64":{"start":{"line":164,"column":4},"end":{"line":164,"column":36}},"65":{"start":{"line":166,"column":4},"end":{"line":166,"column":32}},"66":{"start":{"line":170,"column":0},"end":{"line":176,"column":2}},"67":{"start":{"line":183,"column":85},"end":{"line":183,"column":37448}},"68":{"start":{"line":183,"column":89},"end":{"line":183,"column":37437}}},"fnMap":{"0":{"name":"(anonymous_0)","decl":{"start":{"line":7,"column":18},"end":{"line":7,"column":19}},"loc":{"start":{"line":7,"column":38},"end":{"line":40,"column":1}},"line":7},"1":{"name":"(anonymous_1)","decl":{"start":{"line":47,"column":16},"end":{"line":47,"column":17}},"loc":{"start":{"line":47,"column":36},"end":{"line":106,"column":1}},"line":47},"2":{"name":"(anonymous_2)","decl":{"start":{"line":112,"column":21},"end":{"line":112,"column":22}},"loc":{"start":{"line":112,"column":41},"end":{"line":123,"column":1}},"line":112},"3":{"name":"(anonymous_3)","decl":{"start":{"line":135,"column":18},"end":{"line":135,"column":19}},"loc":{"start":{"line":135,"column":38},"end":{"line":155,"column":1}},"line":135},"4":{"name":"(anonymous_4)","decl":{"start":{"line":161,"column":18},"end":{"line":161,"column":19}},"loc":{"start":{"line":161,"column":38},"end":{"line":168,"column":1}},"line":161},"5":{"name":"oo_cm","decl":{"start":{"line":183,"column":77},"end":{"line":183,"column":82}},"loc":{"start":{"line":183,"column":84},"end":{"line":183,"column":37449}},"line":183}},"branchMap":{"0":{"loc":{"start":{"line":54,"column":4},"end":{"line":78,"column":5}},"type":"if","locations":[{"start":{"line":54,"column":4},"end":{"line":78,"column":5}},{"start":{},"end":{}}],"line":54},"1":{"loc":{"start":{"line":55,"column":6},"end":{"line":77,"column":7}},"type":"if","locations":[{"start":{"line":55,"column":6},"end":{"line":77,"column":7}},{"start":{"line":71,"column":13},"end":{"line":77,"column":7}}],"line":55},"2":{"loc":{"start":{"line":61,"column":8},"end":{"line":70,"column":9}},"type":"if","locations":[{"start":{"line":61,"column":8},"end":{"line":70,"column":9}},{"start":{"line":68,"column":15},"end":{"line":70,"column":9}}],"line":61},"3":{"loc":{"start":{"line":80,"column":4},"end":{"line":96,"column":5}},"type":"if","locations":[{"start":{"line":80,"column":4},"end":{"line":96,"column":5}},{"start":{},"end":{}}],"line":80},"4":{"loc":{"start":{"line":80,"column":8},"end":{"line":80,"column":26}},"type":"binary-expr","locations":[{"start":{"line":80,"column":8},"end":{"line":80,"column":16}},{"start":{"line":80,"column":20},"end":{"line":80,"column":26}}],"line":80},"5":{"loc":{"start":{"line":85,"column":6},"end":{"line":95,"column":7}},"type":"if","locations":[{"start":{"line":85,"column":6},"end":{"line":95,"column":7}},{"start":{"line":93,"column":13},"end":{"line":95,"column":7}}],"line":85},"6":{"loc":{"start":{"line":98,"column":4},"end":{"line":102,"column":5}},"type":"if","locations":[{"start":{"line":98,"column":4},"end":{"line":102,"column":5}},{"start":{},"end":{}}],"line":98},"7":{"loc":{"start":{"line":98,"column":8},"end":{"line":98,"column":27}},"type":"binary-expr","locations":[{"start":{"line":98,"column":8},"end":{"line":98,"column":14}},{"start":{"line":98,"column":18},"end":{"line":98,"column":27}}],"line":98},"8":{"loc":{"start":{"line":183,"column":96},"end":{"line":183,"column":37436}},"type":"binary-expr","locations":[{"start":{"line":183,"column":96},"end":{"line":183,"column":133}},{"start":{"line":183,"column":137},"end":{"line":183,"column":37436}}],"line":183}},"s":{"0":1,"1":1,"2":0,"3":0,"4":0,"5":0,"6":0,"7":0,"8":0,"9":1,"10":0,"11":0,"12":0,"13":0,"14":0,"15":0,"16":0,"17":0,"18":0,"19":0,"20":0,"21":0,"22":0,"23":0,"24":0,"25":0,"26":0,"27":0,"28":0,"29":0,"30":0,"31":0,"32":0,"33":0,"34":0,"35":0,"36":1,"37":0,"38":0,"39":0,"40":0,"41":0,"42":0,"43":0,"44":1,"45":0,"46":0,"47":0,"48":0,"49":0,"50":0,"51":0,"52":0,"53":0,"54":0,"55":0,"56":0,"57":0,"58":0,"59":0,"60":0,"61":1,"62":0,"63":0,"64":0,"65":0,"66":1,"67":0,"68":0},"f":{"0":0,"1":0,"2":0,"3":0,"4":0,"5":0},"b":{"0":[0,0],"1":[0,0],"2":[0,0],"3":[0,0],"4":[0,0],"5":[0,0],"6":[0,0],"7":[0,0],"8":[0,0]},"_coverageSchema":"1a1c01bbd47fc00a2c39e90264f33305004495a9","hash":"681377ebcdeda9eb79d854954ab1e040793b2323"}
,"F:\\Toy Trove Hub\\Backendd\\src\\controllers\\user.controller.js": {"path":"F:\\Toy Trove Hub\\Backendd\\src\\controllers\\user.controller.js","statementMap":{"0":{"start":{"line":1,"column":13},"end":{"line":1,"column":44}},"1":{"start":{"line":2,"column":10},"end":{"line":2,"column":33}},"2":{"start":{"line":8,"column":19},"end":{"line":27,"column":1}},"3":{"start":{"line":9,"column":2},"end":{"line":26,"column":3}},"4":{"start":{"line":10,"column":25},"end":{"line":10,"column":70}},"5":{"start":{"line":12,"column":4},"end":{"line":23,"column":5}},"6":{"start":{"line":13,"column":22},"end":{"line":18,"column":8}},"7":{"start":{"line":19,"column":6},"end":{"line":19,"column":27}},"8":{"start":{"line":20,"column":6},"end":{"line":20,"column":36}},"9":{"start":{"line":22,"column":6},"end":{"line":22,"column":62}},"10":{"start":{"line":25,"column":4},"end":{"line":25,"column":32}},"11":{"start":{"line":33,"column":20},"end":{"line":40,"column":1}},"12":{"start":{"line":34,"column":2},"end":{"line":39,"column":3}},"13":{"start":{"line":35,"column":18},"end":{"line":35,"column":35}},"14":{"start":{"line":36,"column":4},"end":{"line":36,"column":32}},"15":{"start":{"line":38,"column":4},"end":{"line":38,"column":32}},"16":{"start":{"line":46,"column":23},"end":{"line":56,"column":1}},"17":{"start":{"line":47,"column":2},"end":{"line":47,"column":5}},"18":{"start":{"line":48,"column":2},"end":{"line":55,"column":3}},"19":{"start":{"line":49,"column":24},"end":{"line":49,"column":90}},"20":{"start":{"line":50,"column":23},"end":{"line":50,"column":70}},"21":{"start":{"line":51,"column":24},"end":{"line":51,"column":84}},"22":{"start":{"line":52,"column":4},"end":{"line":52,"column":37}},"23":{"start":{"line":54,"column":4},"end":{"line":54,"column":32}},"24":{"start":{"line":62,"column":19},"end":{"line":74,"column":1}},"25":{"start":{"line":63,"column":2},"end":{"line":73,"column":3}},"26":{"start":{"line":64,"column":23},"end":{"line":64,"column":70}},"27":{"start":{"line":65,"column":4},"end":{"line":65,"column":38}},"28":{"start":{"line":66,"column":4},"end":{"line":66,"column":40}},"29":{"start":{"line":67,"column":4},"end":{"line":67,"column":46}},"30":{"start":{"line":68,"column":4},"end":{"line":68,"column":40}},"31":{"start":{"line":69,"column":4},"end":{"line":69,"column":22}},"32":{"start":{"line":70,"column":4},"end":{"line":70,"column":37}},"33":{"start":{"line":72,"column":4},"end":{"line":72,"column":32}},"34":{"start":{"line":80,"column":19},"end":{"line":87,"column":1}},"35":{"start":{"line":81,"column":2},"end":{"line":86,"column":3}},"36":{"start":{"line":82,"column":23},"end":{"line":82,"column":72}},"37":{"start":{"line":83,"column":4},"end":{"line":83,"column":37}},"38":{"start":{"line":85,"column":4},"end":{"line":85,"column":32}},"39":{"start":{"line":106,"column":20},"end":{"line":111,"column":1}},"40":{"start":{"line":107,"column":16},"end":{"line":109,"column":4}},"41":{"start":{"line":110,"column":2},"end":{"line":110,"column":22}},"42":{"start":{"line":115,"column":0},"end":{"line":122,"column":2}},"43":{"start":{"line":129,"column":85},"end":{"line":129,"column":37448}},"44":{"start":{"line":129,"column":89},"end":{"line":129,"column":37437}}},"fnMap":{"0":{"name":"(anonymous_0)","decl":{"start":{"line":8,"column":19},"end":{"line":8,"column":20}},"loc":{"start":{"line":8,"column":39},"end":{"line":27,"column":1}},"line":8},"1":{"name":"(anonymous_1)","decl":{"start":{"line":33,"column":20},"end":{"line":33,"column":21}},"loc":{"start":{"line":33,"column":40},"end":{"line":40,"column":1}},"line":33},"2":{"name":"(anonymous_2)","decl":{"start":{"line":46,"column":23},"end":{"line":46,"column":24}},"loc":{"start":{"line":46,"column":43},"end":{"line":56,"column":1}},"line":46},"3":{"name":"(anonymous_3)","decl":{"start":{"line":62,"column":19},"end":{"line":62,"column":20}},"loc":{"start":{"line":62,"column":39},"end":{"line":74,"column":1}},"line":62},"4":{"name":"(anonymous_4)","decl":{"start":{"line":80,"column":19},"end":{"line":80,"column":20}},"loc":{"start":{"line":80,"column":39},"end":{"line":87,"column":1}},"line":80},"5":{"name":"(anonymous_5)","decl":{"start":{"line":106,"column":20},"end":{"line":106,"column":21}},"loc":{"start":{"line":106,"column":40},"end":{"line":111,"column":1}},"line":106},"6":{"name":"oo_cm","decl":{"start":{"line":129,"column":77},"end":{"line":129,"column":82}},"loc":{"start":{"line":129,"column":84},"end":{"line":129,"column":37449}},"line":129}},"branchMap":{"0":{"loc":{"start":{"line":12,"column":4},"end":{"line":23,"column":5}},"type":"if","locations":[{"start":{"line":12,"column":4},"end":{"line":23,"column":5}},{"start":{"line":21,"column":11},"end":{"line":23,"column":5}}],"line":12},"1":{"loc":{"start":{"line":129,"column":96},"end":{"line":129,"column":37436}},"type":"binary-expr","locations":[{"start":{"line":129,"column":96},"end":{"line":129,"column":133}},{"start":{"line":129,"column":137},"end":{"line":129,"column":37436}}],"line":129}},"s":{"0":1,"1":1,"2":1,"3":0,"4":0,"5":0,"6":0,"7":0,"8":0,"9":0,"10":0,"11":1,"12":0,"13":0,"14":0,"15":0,"16":1,"17":0,"18":0,"19":0,"20":0,"21":0,"22":0,"23":0,"24":1,"25":0,"26":0,"27":0,"28":0,"29":0,"30":0,"31":0,"32":0,"33":0,"34":1,"35":0,"36":0,"37":0,"38":0,"39":1,"40":0,"41":0,"42":1,"43":0,"44":0},"f":{"0":0,"1":0,"2":0,"3":0,"4":0,"5":0,"6":0},"b":{"0":[0,0],"1":[0,0]},"_coverageSchema":"1a1c01bbd47fc00a2c39e90264f33305004495a9","hash":"58dfa1bac80f394c70eec45cb554e646ac59aab1"}
,"F:\\Toy Trove Hub\\Backendd\\src\\middlewares\\auth.js": {"path":"F:\\Toy Trove Hub\\Backendd\\src\\middlewares\\auth.js","statementMap":{"0":{"start":{"line":1,"column":0},"end":{"line":1,"column":27}},"1":{"start":{"line":2,"column":10},"end":{"line":2,"column":33}},"2":{"start":{"line":3,"column":23},"end":{"line":3,"column":54}},"3":{"start":{"line":5,"column":18},"end":{"line":22,"column":1}},"4":{"start":{"line":6,"column":24},"end":{"line":6,"column":49}},"5":{"start":{"line":7,"column":2},"end":{"line":11,"column":3}},"6":{"start":{"line":8,"column":4},"end":{"line":10,"column":61}},"7":{"start":{"line":12,"column":16},"end":{"line":12,"column":43}},"8":{"start":{"line":13,"column":2},"end":{"line":21,"column":5}},"9":{"start":{"line":14,"column":4},"end":{"line":18,"column":5}},"10":{"start":{"line":15,"column":6},"end":{"line":17,"column":63}},"11":{"start":{"line":19,"column":4},"end":{"line":19,"column":26}},"12":{"start":{"line":20,"column":4},"end":{"line":20,"column":11}},"13":{"start":{"line":25,"column":20},"end":{"line":33,"column":1}},"14":{"start":{"line":26,"column":2},"end":{"line":26,"column":28}},"15":{"start":{"line":27,"column":16},"end":{"line":27,"column":32}},"16":{"start":{"line":28,"column":15},"end":{"line":28,"column":50}},"17":{"start":{"line":29,"column":2},"end":{"line":31,"column":3}},"18":{"start":{"line":30,"column":4},"end":{"line":30,"column":78}},"19":{"start":{"line":32,"column":2},"end":{"line":32,"column":9}},"20":{"start":{"line":36,"column":25},"end":{"line":44,"column":1}},"21":{"start":{"line":37,"column":2},"end":{"line":37,"column":28}},"22":{"start":{"line":38,"column":16},"end":{"line":38,"column":32}},"23":{"start":{"line":39,"column":15},"end":{"line":39,"column":50}},"24":{"start":{"line":40,"column":2},"end":{"line":42,"column":3}},"25":{"start":{"line":41,"column":4},"end":{"line":41,"column":78}},"26":{"start":{"line":43,"column":2},"end":{"line":43,"column":9}},"27":{"start":{"line":46,"column":0},"end":{"line":46,"column":62}}},"fnMap":{"0":{"name":"(anonymous_0)","decl":{"start":{"line":5,"column":18},"end":{"line":5,"column":19}},"loc":{"start":{"line":5,"column":38},"end":{"line":22,"column":1}},"line":5},"1":{"name":"(anonymous_1)","decl":{"start":{"line":13,"column":53},"end":{"line":13,"column":54}},"loc":{"start":{"line":13,"column":71},"end":{"line":21,"column":3}},"line":13},"2":{"name":"(anonymous_2)","decl":{"start":{"line":25,"column":20},"end":{"line":25,"column":21}},"loc":{"start":{"line":25,"column":46},"end":{"line":33,"column":1}},"line":25},"3":{"name":"(anonymous_3)","decl":{"start":{"line":36,"column":25},"end":{"line":36,"column":26}},"loc":{"start":{"line":36,"column":51},"end":{"line":44,"column":1}},"line":36}},"branchMap":{"0":{"loc":{"start":{"line":7,"column":2},"end":{"line":11,"column":3}},"type":"if","locations":[{"start":{"line":7,"column":2},"end":{"line":11,"column":3}},{"start":{},"end":{}}],"line":7},"1":{"loc":{"start":{"line":14,"column":4},"end":{"line":18,"column":5}},"type":"if","locations":[{"start":{"line":14,"column":4},"end":{"line":18,"column":5}},{"start":{},"end":{}}],"line":14},"2":{"loc":{"start":{"line":29,"column":2},"end":{"line":31,"column":3}},"type":"if","locations":[{"start":{"line":29,"column":2},"end":{"line":31,"column":3}},{"start":{},"end":{}}],"line":29},"3":{"loc":{"start":{"line":40,"column":2},"end":{"line":42,"column":3}},"type":"if","locations":[{"start":{"line":40,"column":2},"end":{"line":42,"column":3}},{"start":{},"end":{}}],"line":40}},"s":{"0":0,"1":0,"2":0,"3":0,"4":0,"5":0,"6":0,"7":0,"8":0,"9":0,"10":0,"11":0,"12":0,"13":0,"14":0,"15":0,"16":0,"17":0,"18":0,"19":0,"20":0,"21":0,"22":0,"23":0,"24":0,"25":0,"26":0,"27":0},"f":{"0":0,"1":0,"2":0,"3":0},"b":{"0":[0,0],"1":[0,0],"2":[0,0],"3":[0,0]}}
,"F:\\Toy Trove Hub\\Backendd\\src\\model\\order.schema.js": {"path":"F:\\Toy Trove Hub\\Backendd\\src\\model\\order.schema.js","statementMap":{"0":{"start":{"line":1,"column":17},"end":{"line":1,"column":36}},"1":{"start":{"line":3,"column":20},"end":{"line":11,"column":2}},"2":{"start":{"line":13,"column":0},"end":{"line":13,"column":53}}},"fnMap":{},"branchMap":{},"s":{"0":0,"1":0,"2":0},"f":{},"b":{}}
,"F:\\Toy Trove Hub\\Backendd\\src\\model\\payment.schema.js": {"path":"F:\\Toy Trove Hub\\Backendd\\src\\model\\payment.schema.js","statementMap":{"0":{"start":{"line":1,"column":17},"end":{"line":1,"column":36}},"1":{"start":{"line":3,"column":22},"end":{"line":13,"column":2}},"2":{"start":{"line":15,"column":0},"end":{"line":15,"column":57}}},"fnMap":{},"branchMap":{},"s":{"0":1,"1":1,"2":1},"f":{},"b":{},"_coverageSchema":"1a1c01bbd47fc00a2c39e90264f33305004495a9","hash":"f8ab2923ba54eae0043e63352351618357134f69"}
,"F:\\Toy Trove Hub\\Backendd\\src\\model\\toy.schema.js": {"path":"F:\\Toy Trove Hub\\Backendd\\src\\model\\toy.schema.js","statementMap":{"0":{"start":{"line":1,"column":17},"end":{"line":1,"column":36}},"1":{"start":{"line":3,"column":18},"end":{"line":43,"column":2}},"2":{"start":{"line":45,"column":0},"end":{"line":45,"column":51}}},"fnMap":{},"branchMap":{},"s":{"0":1,"1":1,"2":1},"f":{},"b":{},"_coverageSchema":"1a1c01bbd47fc00a2c39e90264f33305004495a9","hash":"50313a3d45291f4e84d3980ee514d1df2283c18a"}
,"F:\\Toy Trove Hub\\Backendd\\src\\model\\user.schema.js": {"path":"F:\\Toy Trove Hub\\Backendd\\src\\model\\user.schema.js","statementMap":{"0":{"start":{"line":1,"column":17},"end":{"line":1,"column":36}},"1":{"start":{"line":2,"column":19},"end":{"line":19,"column":2}},"2":{"start":{"line":21,"column":0},"end":{"line":21,"column":52}}},"fnMap":{},"branchMap":{},"s":{"0":1,"1":1,"2":1},"f":{},"b":{},"_coverageSchema":"1a1c01bbd47fc00a2c39e90264f33305004495a9","hash":"d072b6ebe6aa1d1e03340ae84f200c6223e7df2e"}
,"F:\\Toy Trove Hub\\Backendd\\src\\routes\\payment.routes.js": {"path":"F:\\Toy Trove Hub\\Backendd\\src\\routes\\payment.routes.js","statementMap":{"0":{"start":{"line":1,"column":15},"end":{"line":1,"column":42}},"1":{"start":{"line":2,"column":94},"end":{"line":2,"column":138}},"2":{"start":{"line":6,"column":0},"end":{"line":6,"column":40}},"3":{"start":{"line":9,"column":0},"end":{"line":9,"column":40}},"4":{"start":{"line":12,"column":0},"end":{"line":12,"column":56}},"5":{"start":{"line":15,"column":0},"end":{"line":15,"column":47}},"6":{"start":{"line":18,"column":0},"end":{"line":18,"column":53}},"7":{"start":{"line":21,"column":0},"end":{"line":21,"column":24}}},"fnMap":{},"branchMap":{},"s":{"0":1,"1":1,"2":1,"3":1,"4":1,"5":1,"6":1,"7":1},"f":{},"b":{},"_coverageSchema":"1a1c01bbd47fc00a2c39e90264f33305004495a9","hash":"5ab928bddd97e3b32b7d9fa81d82556225006439"}
,"F:\\Toy Trove Hub\\Backendd\\src\\routes\\toy.routes.js": {"path":"F:\\Toy Trove Hub\\Backendd\\src\\routes\\toy.routes.js","statementMap":{"0":{"start":{"line":7,"column":6},"end":{"line":7,"column":46}},"1":{"start":{"line":9,"column":17},"end":{"line":9,"column":44}},"2":{"start":{"line":11,"column":2},"end":{"line":11,"column":27}},"3":{"start":{"line":12,"column":2},"end":{"line":12,"column":35}},"4":{"start":{"line":13,"column":2},"end":{"line":13,"column":30}},"5":{"start":{"line":14,"column":2},"end":{"line":14,"column":34}},"6":{"start":{"line":15,"column":2},"end":{"line":15,"column":35}},"7":{"start":{"line":17,"column":2},"end":{"line":17,"column":26}}},"fnMap":{},"branchMap":{},"s":{"0":1,"1":1,"2":1,"3":1,"4":1,"5":1,"6":1,"7":1},"f":{},"b":{},"_coverageSchema":"1a1c01bbd47fc00a2c39e90264f33305004495a9","hash":"365a7e5ce56b1cd1f78c7943f5bf5736c353c9e9"}
,"F:\\Toy Trove Hub\\Backendd\\src\\routes\\user.routes.js": {"path":"F:\\Toy Trove Hub\\Backendd\\src\\routes\\user.routes.js","statementMap":{"0":{"start":{"line":1,"column":15},"end":{"line":1,"column":42}},"1":{"start":{"line":9,"column":4},"end":{"line":9,"column":45}},"2":{"start":{"line":11,"column":0},"end":{"line":11,"column":29}},"3":{"start":{"line":12,"column":0},"end":{"line":12,"column":38}},"4":{"start":{"line":13,"column":0},"end":{"line":13,"column":29}},"5":{"start":{"line":14,"column":0},"end":{"line":14,"column":36}},"6":{"start":{"line":15,"column":0},"end":{"line":15,"column":37}},"7":{"start":{"line":16,"column":0},"end":{"line":16,"column":33}},"8":{"start":{"line":18,"column":0},"end":{"line":18,"column":24}}},"fnMap":{},"branchMap":{},"s":{"0":1,"1":1,"2":1,"3":1,"4":1,"5":1,"6":1,"7":1,"8":1},"f":{},"b":{},"_coverageSchema":"1a1c01bbd47fc00a2c39e90264f33305004495a9","hash":"c98bd8b2a0b1dae20ecd9d0c1607b94f0b0a11bf"}
}
