{"F:\\Toy Trove Hub\\Backendd\\src\\config\\config.js": {"path":"F:\\Toy Trove Hub\\Backendd\\src\\config\\config.js","statementMap":{"0":{"start":{"line":1,"column":0},"end":{"line":1,"column":27}},"1":{"start":{"line":3,"column":12},"end":{"line":10,"column":1}},"2":{"start":{"line":12,"column":0},"end":{"line":12,"column":21}}},"fnMap":{},"branchMap":{"0":{"loc":{"start":{"line":5,"column":10},"end":{"line":5,"column":34}},"type":"binary-expr","locations":[{"start":{"line":5,"column":10},"end":{"line":5,"column":26}},{"start":{"line":5,"column":30},"end":{"line":5,"column":34}}],"line":5}},"s":{"0":4,"1":4,"2":4},"f":{},"b":{"0":[4,4]},"_coverageSchema":"1a1c01bbd47fc00a2c39e90264f33305004495a9","hash":"781b18333f463d08934e4a07b1542224220437f4"}
,"F:\\Toy Trove Hub\\Backendd\\src\\config\\db.js": {"path":"F:\\Toy Trove Hub\\Backendd\\src\\config\\db.js","statementMap":{"0":{"start":{"line":1,"column":17},"end":{"line":1,"column":36}},"1":{"start":{"line":2,"column":15},"end":{"line":2,"column":34}},"2":{"start":{"line":5,"column":15},"end":{"line":5,"column":30}},"3":{"start":{"line":17,"column":0},"end":{"line":21,"column":3}},"4":{"start":{"line":23,"column":0},"end":{"line":25,"column":3}},"5":{"start":{"line":24,"column":22},"end":{"line":24,"column":94}},"6":{"start":{"line":27,"column":0},"end":{"line":29,"column":3}},"7":{"start":{"line":28,"column":2},"end":{"line":28,"column":52}},"8":{"start":{"line":31,"column":0},"end":{"line":33,"column":3}},"9":{"start":{"line":32,"column":22},"end":{"line":32,"column":94}},"10":{"start":{"line":35,"column":0},"end":{"line":40,"column":3}},"11":{"start":{"line":36,"column":2},"end":{"line":39,"column":5}},"12":{"start":{"line":37,"column":24},"end":{"line":37,"column":124}},"13":{"start":{"line":38,"column":4},"end":{"line":38,"column":20}},"14":{"start":{"line":47,"column":85},"end":{"line":47,"column":37752}},"15":{"start":{"line":47,"column":89},"end":{"line":47,"column":37741}}},"fnMap":{"0":{"name":"(anonymous_0)","decl":{"start":{"line":23,"column":36},"end":{"line":23,"column":37}},"loc":{"start":{"line":23,"column":42},"end":{"line":25,"column":1}},"line":23},"1":{"name":"(anonymous_1)","decl":{"start":{"line":27,"column":32},"end":{"line":27,"column":33}},"loc":{"start":{"line":27,"column":41},"end":{"line":29,"column":1}},"line":27},"2":{"name":"(anonymous_2)","decl":{"start":{"line":31,"column":39},"end":{"line":31,"column":40}},"loc":{"start":{"line":31,"column":45},"end":{"line":33,"column":1}},"line":31},"3":{"name":"(anonymous_3)","decl":{"start":{"line":35,"column":21},"end":{"line":35,"column":22}},"loc":{"start":{"line":35,"column":27},"end":{"line":40,"column":1}},"line":35},"4":{"name":"(anonymous_4)","decl":{"start":{"line":36,"column":28},"end":{"line":36,"column":29}},"loc":{"start":{"line":36,"column":34},"end":{"line":39,"column":3}},"line":36},"5":{"name":"oo_cm","decl":{"start":{"line":47,"column":77},"end":{"line":47,"column":82}},"loc":{"start":{"line":47,"column":84},"end":{"line":47,"column":37753}},"line":47}},"branchMap":{"0":{"loc":{"start":{"line":47,"column":96},"end":{"line":47,"column":37740}},"type":"binary-expr","locations":[{"start":{"line":47,"column":96},"end":{"line":47,"column":133}},{"start":{"line":47,"column":137},"end":{"line":47,"column":37740}}],"line":47}},"s":{"0":4,"1":4,"2":4,"3":4,"4":4,"5":2,"6":4,"7":0,"8":4,"9":0,"10":4,"11":0,"12":0,"13":0,"14":2,"15":2},"f":{"0":2,"1":0,"2":0,"3":0,"4":0,"5":2},"b":{"0":[2,2]},"_coverageSchema":"1a1c01bbd47fc00a2c39e90264f33305004495a9","hash":"20429065cc48fbf2c4649ad2567e90bb4c037fe1"}
,"F:\\Toy Trove Hub\\Backendd\\src\\controllers\\order.controller.js": {"path":"F:\\Toy Trove Hub\\Backendd\\src\\controllers\\order.controller.js","statementMap":{"0":{"start":{"line":1,"column":14},"end":{"line":1,"column":46}},"1":{"start":{"line":4,"column":21},"end":{"line":11,"column":1}},"2":{"start":{"line":5,"column":4},"end":{"line":10,"column":5}},"3":{"start":{"line":6,"column":23},"end":{"line":6,"column":41}},"4":{"start":{"line":7,"column":8},"end":{"line":7,"column":37}},"5":{"start":{"line":9,"column":8},"end":{"line":9,"column":55}},"6":{"start":{"line":14,"column":20},"end":{"line":22,"column":1}},"7":{"start":{"line":15,"column":4},"end":{"line":21,"column":5}},"8":{"start":{"line":16,"column":25},"end":{"line":16,"column":44}},"9":{"start":{"line":17,"column":27},"end":{"line":17,"column":48}},"10":{"start":{"line":18,"column":8},"end":{"line":18,"column":41}},"11":{"start":{"line":20,"column":8},"end":{"line":20,"column":55}},"12":{"start":{"line":25,"column":24},"end":{"line":33,"column":1}},"13":{"start":{"line":26,"column":22},"end":{"line":26,"column":38}},"14":{"start":{"line":27,"column":4},"end":{"line":32,"column":5}},"15":{"start":{"line":28,"column":23},"end":{"line":28,"column":65}},"16":{"start":{"line":29,"column":8},"end":{"line":29,"column":37}},"17":{"start":{"line":31,"column":8},"end":{"line":31,"column":55}},"18":{"start":{"line":36,"column":24},"end":{"line":44,"column":1}},"19":{"start":{"line":37,"column":20},"end":{"line":37,"column":33}},"20":{"start":{"line":38,"column":4},"end":{"line":43,"column":5}},"21":{"start":{"line":39,"column":29},"end":{"line":39,"column":92}},"22":{"start":{"line":40,"column":8},"end":{"line":40,"column":43}},"23":{"start":{"line":42,"column":8},"end":{"line":42,"column":55}},"24":{"start":{"line":47,"column":24},"end":{"line":55,"column":1}},"25":{"start":{"line":48,"column":20},"end":{"line":48,"column":33}},"26":{"start":{"line":49,"column":4},"end":{"line":54,"column":5}},"27":{"start":{"line":50,"column":8},"end":{"line":50,"column":47}},"28":{"start":{"line":51,"column":8},"end":{"line":51,"column":30}},"29":{"start":{"line":53,"column":8},"end":{"line":53,"column":55}},"30":{"start":{"line":58,"column":28},"end":{"line":66,"column":1}},"31":{"start":{"line":59,"column":22},"end":{"line":59,"column":38}},"32":{"start":{"line":60,"column":4},"end":{"line":65,"column":5}},"33":{"start":{"line":61,"column":8},"end":{"line":61,"column":52}},"34":{"start":{"line":62,"column":8},"end":{"line":62,"column":30}},"35":{"start":{"line":64,"column":8},"end":{"line":64,"column":55}},"36":{"start":{"line":68,"column":0},"end":{"line":75,"column":1}}},"fnMap":{"0":{"name":"(anonymous_0)","decl":{"start":{"line":4,"column":21},"end":{"line":4,"column":22}},"loc":{"start":{"line":4,"column":41},"end":{"line":11,"column":1}},"line":4},"1":{"name":"(anonymous_1)","decl":{"start":{"line":14,"column":20},"end":{"line":14,"column":21}},"loc":{"start":{"line":14,"column":40},"end":{"line":22,"column":1}},"line":14},"2":{"name":"(anonymous_2)","decl":{"start":{"line":25,"column":24},"end":{"line":25,"column":25}},"loc":{"start":{"line":25,"column":44},"end":{"line":33,"column":1}},"line":25},"3":{"name":"(anonymous_3)","decl":{"start":{"line":36,"column":24},"end":{"line":36,"column":25}},"loc":{"start":{"line":36,"column":44},"end":{"line":44,"column":1}},"line":36},"4":{"name":"(anonymous_4)","decl":{"start":{"line":47,"column":24},"end":{"line":47,"column":25}},"loc":{"start":{"line":47,"column":44},"end":{"line":55,"column":1}},"line":47},"5":{"name":"(anonymous_5)","decl":{"start":{"line":58,"column":28},"end":{"line":58,"column":29}},"loc":{"start":{"line":58,"column":48},"end":{"line":66,"column":1}},"line":58}},"branchMap":{},"s":{"0":4,"1":4,"2":0,"3":0,"4":0,"5":0,"6":4,"7":0,"8":0,"9":0,"10":0,"11":0,"12":4,"13":0,"14":0,"15":0,"16":0,"17":0,"18":4,"19":0,"20":0,"21":0,"22":0,"23":0,"24":4,"25":0,"26":0,"27":0,"28":0,"29":0,"30":4,"31":0,"32":0,"33":0,"34":0,"35":0,"36":4},"f":{"0":0,"1":0,"2":0,"3":0,"4":0,"5":0},"b":{},"_coverageSchema":"1a1c01bbd47fc00a2c39e90264f33305004495a9","hash":"7272c85860830936183272004044120685846f73"}
,"F:\\Toy Trove Hub\\Backendd\\src\\controllers\\payment.controller.js": {"path":"F:\\Toy Trove Hub\\Backendd\\src\\controllers\\payment.controller.js","statementMap":{"0":{"start":{"line":1,"column":16},"end":{"line":1,"column":50}},"1":{"start":{"line":4,"column":22},"end":{"line":23,"column":1}},"2":{"start":{"line":5,"column":2},"end":{"line":22,"column":3}},"3":{"start":{"line":6,"column":50},"end":{"line":6,"column":58}},"4":{"start":{"line":10,"column":20},"end":{"line":15,"column":6}},"5":{"start":{"line":17,"column":4},"end":{"line":17,"column":25}},"6":{"start":{"line":18,"column":4},"end":{"line":18,"column":79}},"7":{"start":{"line":20,"column":4},"end":{"line":20,"column":25}},"8":{"start":{"line":21,"column":4},"end":{"line":21,"column":63}},"9":{"start":{"line":26,"column":23},"end":{"line":34,"column":1}},"10":{"start":{"line":27,"column":2},"end":{"line":33,"column":3}},"11":{"start":{"line":28,"column":21},"end":{"line":28,"column":41}},"12":{"start":{"line":29,"column":4},"end":{"line":29,"column":39}},"13":{"start":{"line":31,"column":4},"end":{"line":31,"column":25}},"14":{"start":{"line":32,"column":4},"end":{"line":32,"column":63}},"15":{"start":{"line":37,"column":26},"end":{"line":51,"column":1}},"16":{"start":{"line":38,"column":2},"end":{"line":50,"column":3}},"17":{"start":{"line":39,"column":22},"end":{"line":39,"column":32}},"18":{"start":{"line":40,"column":20},"end":{"line":40,"column":49}},"19":{"start":{"line":42,"column":4},"end":{"line":44,"column":5}},"20":{"start":{"line":43,"column":6},"end":{"line":43,"column":68}},"21":{"start":{"line":46,"column":4},"end":{"line":46,"column":38}},"22":{"start":{"line":48,"column":4},"end":{"line":48,"column":25}},"23":{"start":{"line":49,"column":4},"end":{"line":49,"column":63}},"24":{"start":{"line":54,"column":23},"end":{"line":68,"column":1}},"25":{"start":{"line":55,"column":2},"end":{"line":67,"column":3}},"26":{"start":{"line":56,"column":19},"end":{"line":56,"column":29}},"27":{"start":{"line":57,"column":20},"end":{"line":57,"column":46}},"28":{"start":{"line":59,"column":4},"end":{"line":61,"column":5}},"29":{"start":{"line":60,"column":6},"end":{"line":60,"column":68}},"30":{"start":{"line":63,"column":4},"end":{"line":63,"column":38}},"31":{"start":{"line":65,"column":4},"end":{"line":65,"column":25}},"32":{"start":{"line":66,"column":4},"end":{"line":66,"column":63}},"33":{"start":{"line":71,"column":26},"end":{"line":85,"column":1}},"34":{"start":{"line":72,"column":2},"end":{"line":84,"column":3}},"35":{"start":{"line":73,"column":19},"end":{"line":73,"column":29}},"36":{"start":{"line":74,"column":20},"end":{"line":74,"column":55}},"37":{"start":{"line":76,"column":4},"end":{"line":78,"column":5}},"38":{"start":{"line":77,"column":6},"end":{"line":77,"column":68}},"39":{"start":{"line":80,"column":4},"end":{"line":80,"column":79}},"40":{"start":{"line":82,"column":4},"end":{"line":82,"column":25}},"41":{"start":{"line":83,"column":4},"end":{"line":83,"column":63}},"42":{"start":{"line":88,"column":31},"end":{"line":107,"column":1}},"43":{"start":{"line":89,"column":18},"end":{"line":89,"column":36}},"44":{"start":{"line":90,"column":22},"end":{"line":90,"column":79}},"45":{"start":{"line":91,"column":2},"end":{"line":106,"column":3}},"46":{"start":{"line":92,"column":27},"end":{"line":96,"column":5}},"47":{"start":{"line":98,"column":4},"end":{"line":100,"column":5}},"48":{"start":{"line":99,"column":6},"end":{"line":99,"column":68}},"49":{"start":{"line":102,"column":24},"end":{"line":102,"column":90}},"50":{"start":{"line":103,"column":4},"end":{"line":103,"column":41}},"51":{"start":{"line":105,"column":4},"end":{"line":105,"column":51}},"52":{"start":{"line":109,"column":0},"end":{"line":116,"column":2}},"53":{"start":{"line":123,"column":85},"end":{"line":123,"column":37752}},"54":{"start":{"line":123,"column":89},"end":{"line":123,"column":37741}}},"fnMap":{"0":{"name":"(anonymous_0)","decl":{"start":{"line":4,"column":22},"end":{"line":4,"column":23}},"loc":{"start":{"line":4,"column":42},"end":{"line":23,"column":1}},"line":4},"1":{"name":"(anonymous_1)","decl":{"start":{"line":26,"column":23},"end":{"line":26,"column":24}},"loc":{"start":{"line":26,"column":43},"end":{"line":34,"column":1}},"line":26},"2":{"name":"(anonymous_2)","decl":{"start":{"line":37,"column":26},"end":{"line":37,"column":27}},"loc":{"start":{"line":37,"column":46},"end":{"line":51,"column":1}},"line":37},"3":{"name":"(anonymous_3)","decl":{"start":{"line":54,"column":23},"end":{"line":54,"column":24}},"loc":{"start":{"line":54,"column":43},"end":{"line":68,"column":1}},"line":54},"4":{"name":"(anonymous_4)","decl":{"start":{"line":71,"column":26},"end":{"line":71,"column":27}},"loc":{"start":{"line":71,"column":46},"end":{"line":85,"column":1}},"line":71},"5":{"name":"(anonymous_5)","decl":{"start":{"line":88,"column":31},"end":{"line":88,"column":32}},"loc":{"start":{"line":88,"column":51},"end":{"line":107,"column":1}},"line":88},"6":{"name":"oo_cm","decl":{"start":{"line":123,"column":77},"end":{"line":123,"column":82}},"loc":{"start":{"line":123,"column":84},"end":{"line":123,"column":37753}},"line":123}},"branchMap":{"0":{"loc":{"start":{"line":42,"column":4},"end":{"line":44,"column":5}},"type":"if","locations":[{"start":{"line":42,"column":4},"end":{"line":44,"column":5}},{"start":{},"end":{}}],"line":42},"1":{"loc":{"start":{"line":59,"column":4},"end":{"line":61,"column":5}},"type":"if","locations":[{"start":{"line":59,"column":4},"end":{"line":61,"column":5}},{"start":{},"end":{}}],"line":59},"2":{"loc":{"start":{"line":76,"column":4},"end":{"line":78,"column":5}},"type":"if","locations":[{"start":{"line":76,"column":4},"end":{"line":78,"column":5}},{"start":{},"end":{}}],"line":76},"3":{"loc":{"start":{"line":98,"column":4},"end":{"line":100,"column":5}},"type":"if","locations":[{"start":{"line":98,"column":4},"end":{"line":100,"column":5}},{"start":{},"end":{}}],"line":98},"4":{"loc":{"start":{"line":123,"column":96},"end":{"line":123,"column":37740}},"type":"binary-expr","locations":[{"start":{"line":123,"column":96},"end":{"line":123,"column":133}},{"start":{"line":123,"column":137},"end":{"line":123,"column":37740}}],"line":123}},"s":{"0":4,"1":4,"2":0,"3":0,"4":0,"5":0,"6":0,"7":0,"8":0,"9":4,"10":0,"11":0,"12":0,"13":0,"14":0,"15":4,"16":0,"17":0,"18":0,"19":0,"20":0,"21":0,"22":0,"23":0,"24":4,"25":0,"26":0,"27":0,"28":0,"29":0,"30":0,"31":0,"32":0,"33":4,"34":0,"35":0,"36":0,"37":0,"38":0,"39":0,"40":0,"41":0,"42":4,"43":0,"44":0,"45":0,"46":0,"47":0,"48":0,"49":0,"50":0,"51":0,"52":4,"53":0,"54":0},"f":{"0":0,"1":0,"2":0,"3":0,"4":0,"5":0,"6":0},"b":{"0":[0,0],"1":[0,0],"2":[0,0],"3":[0,0],"4":[0,0]},"_coverageSchema":"1a1c01bbd47fc00a2c39e90264f33305004495a9","hash":"c54fd12a9292085aa92860833f350104671f8b50"}
,"F:\\Toy Trove Hub\\Backendd\\src\\controllers\\toy.controller.js": {"path":"F:\\Toy Trove Hub\\Backendd\\src\\controllers\\toy.controller.js","statementMap":{"0":{"start":{"line":1,"column":18},"end":{"line":1,"column":48}},"1":{"start":{"line":3,"column":18},"end":{"line":12,"column":1}},"2":{"start":{"line":4,"column":2},"end":{"line":11,"column":3}},"3":{"start":{"line":5,"column":19},"end":{"line":5,"column":42}},"4":{"start":{"line":6,"column":4},"end":{"line":6,"column":24}},"5":{"start":{"line":7,"column":4},"end":{"line":7,"column":33}},"6":{"start":{"line":9,"column":4},"end":{"line":9,"column":25}},"7":{"start":{"line":10,"column":4},"end":{"line":10,"column":47}},"8":{"start":{"line":14,"column":16},"end":{"line":54,"column":1}},"9":{"start":{"line":15,"column":2},"end":{"line":53,"column":3}},"10":{"start":{"line":16,"column":45},"end":{"line":16,"column":54}},"11":{"start":{"line":18,"column":4},"end":{"line":49,"column":5}},"12":{"start":{"line":19,"column":6},"end":{"line":34,"column":7}},"13":{"start":{"line":20,"column":21},"end":{"line":20,"column":75}},"14":{"start":{"line":21,"column":8},"end":{"line":30,"column":9}},"15":{"start":{"line":22,"column":36},"end":{"line":26,"column":12}},"16":{"start":{"line":27,"column":10},"end":{"line":27,"column":50}},"17":{"start":{"line":29,"column":10},"end":{"line":29,"column":37}},"18":{"start":{"line":32,"column":28},"end":{"line":32,"column":72}},"19":{"start":{"line":33,"column":8},"end":{"line":33,"column":42}},"20":{"start":{"line":35,"column":11},"end":{"line":49,"column":5}},"21":{"start":{"line":36,"column":19},"end":{"line":36,"column":53}},"22":{"start":{"line":37,"column":6},"end":{"line":45,"column":7}},"23":{"start":{"line":38,"column":34},"end":{"line":41,"column":10}},"24":{"start":{"line":42,"column":8},"end":{"line":42,"column":48}},"25":{"start":{"line":44,"column":8},"end":{"line":44,"column":35}},"26":{"start":{"line":47,"column":19},"end":{"line":47,"column":41}},"27":{"start":{"line":48,"column":6},"end":{"line":48,"column":33}},"28":{"start":{"line":51,"column":4},"end":{"line":51,"column":25}},"29":{"start":{"line":52,"column":4},"end":{"line":52,"column":48}},"30":{"start":{"line":56,"column":21},"end":{"line":64,"column":1}},"31":{"start":{"line":57,"column":2},"end":{"line":63,"column":3}},"32":{"start":{"line":58,"column":22},"end":{"line":58,"column":61}},"33":{"start":{"line":59,"column":4},"end":{"line":59,"column":36}},"34":{"start":{"line":61,"column":4},"end":{"line":61,"column":25}},"35":{"start":{"line":62,"column":4},"end":{"line":62,"column":54}},"36":{"start":{"line":66,"column":18},"end":{"line":79,"column":1}},"37":{"start":{"line":67,"column":22},"end":{"line":67,"column":79}},"38":{"start":{"line":68,"column":2},"end":{"line":78,"column":3}},"39":{"start":{"line":69,"column":22},"end":{"line":73,"column":5}},"40":{"start":{"line":74,"column":4},"end":{"line":74,"column":36}},"41":{"start":{"line":76,"column":4},"end":{"line":76,"column":25}},"42":{"start":{"line":77,"column":4},"end":{"line":77,"column":47}},"43":{"start":{"line":81,"column":18},"end":{"line":89,"column":1}},"44":{"start":{"line":82,"column":2},"end":{"line":88,"column":3}},"45":{"start":{"line":83,"column":21},"end":{"line":83,"column":69}},"46":{"start":{"line":84,"column":2},"end":{"line":84,"column":34}},"47":{"start":{"line":86,"column":4},"end":{"line":86,"column":25}},"48":{"start":{"line":87,"column":4},"end":{"line":87,"column":47}},"49":{"start":{"line":91,"column":0},"end":{"line":97,"column":2}},"50":{"start":{"line":104,"column":85},"end":{"line":104,"column":37752}},"51":{"start":{"line":104,"column":89},"end":{"line":104,"column":37741}}},"fnMap":{"0":{"name":"(anonymous_0)","decl":{"start":{"line":3,"column":18},"end":{"line":3,"column":19}},"loc":{"start":{"line":3,"column":38},"end":{"line":12,"column":1}},"line":3},"1":{"name":"(anonymous_1)","decl":{"start":{"line":14,"column":16},"end":{"line":14,"column":17}},"loc":{"start":{"line":14,"column":36},"end":{"line":54,"column":1}},"line":14},"2":{"name":"(anonymous_2)","decl":{"start":{"line":56,"column":21},"end":{"line":56,"column":22}},"loc":{"start":{"line":56,"column":41},"end":{"line":64,"column":1}},"line":56},"3":{"name":"(anonymous_3)","decl":{"start":{"line":66,"column":18},"end":{"line":66,"column":19}},"loc":{"start":{"line":66,"column":38},"end":{"line":79,"column":1}},"line":66},"4":{"name":"(anonymous_4)","decl":{"start":{"line":81,"column":18},"end":{"line":81,"column":19}},"loc":{"start":{"line":81,"column":38},"end":{"line":89,"column":1}},"line":81},"5":{"name":"oo_cm","decl":{"start":{"line":104,"column":77},"end":{"line":104,"column":82}},"loc":{"start":{"line":104,"column":84},"end":{"line":104,"column":37753}},"line":104}},"branchMap":{"0":{"loc":{"start":{"line":18,"column":4},"end":{"line":49,"column":5}},"type":"if","locations":[{"start":{"line":18,"column":4},"end":{"line":49,"column":5}},{"start":{"line":35,"column":11},"end":{"line":49,"column":5}}],"line":18},"1":{"loc":{"start":{"line":19,"column":6},"end":{"line":34,"column":7}},"type":"if","locations":[{"start":{"line":19,"column":6},"end":{"line":34,"column":7}},{"start":{"line":31,"column":13},"end":{"line":34,"column":7}}],"line":19},"2":{"loc":{"start":{"line":21,"column":8},"end":{"line":30,"column":9}},"type":"if","locations":[{"start":{"line":21,"column":8},"end":{"line":30,"column":9}},{"start":{"line":28,"column":15},"end":{"line":30,"column":9}}],"line":21},"3":{"loc":{"start":{"line":35,"column":11},"end":{"line":49,"column":5}},"type":"if","locations":[{"start":{"line":35,"column":11},"end":{"line":49,"column":5}},{"start":{"line":46,"column":11},"end":{"line":49,"column":5}}],"line":35},"4":{"loc":{"start":{"line":37,"column":6},"end":{"line":45,"column":7}},"type":"if","locations":[{"start":{"line":37,"column":6},"end":{"line":45,"column":7}},{"start":{"line":43,"column":13},"end":{"line":45,"column":7}}],"line":37},"5":{"loc":{"start":{"line":104,"column":96},"end":{"line":104,"column":37740}},"type":"binary-expr","locations":[{"start":{"line":104,"column":96},"end":{"line":104,"column":133}},{"start":{"line":104,"column":137},"end":{"line":104,"column":37740}}],"line":104}},"s":{"0":4,"1":4,"2":0,"3":0,"4":0,"5":0,"6":0,"7":0,"8":4,"9":1,"10":1,"11":1,"12":0,"13":0,"14":0,"15":0,"16":0,"17":0,"18":0,"19":0,"20":1,"21":0,"22":0,"23":0,"24":0,"25":0,"26":1,"27":1,"28":0,"29":0,"30":4,"31":1,"32":1,"33":0,"34":1,"35":1,"36":4,"37":0,"38":0,"39":0,"40":0,"41":0,"42":0,"43":4,"44":0,"45":0,"46":0,"47":0,"48":0,"49":4,"50":0,"51":0},"f":{"0":0,"1":1,"2":1,"3":0,"4":0,"5":0},"b":{"0":[0,1],"1":[0,0],"2":[0,0],"3":[0,1],"4":[0,0],"5":[0,0]},"_coverageSchema":"1a1c01bbd47fc00a2c39e90264f33305004495a9","hash":"b8beb1fc3ce77de06bf98432d246573eeefb4158"}
,"F:\\Toy Trove Hub\\Backendd\\src\\controllers\\user.controller.js": {"path":"F:\\Toy Trove Hub\\Backendd\\src\\controllers\\user.controller.js","statementMap":{"0":{"start":{"line":1,"column":13},"end":{"line":1,"column":44}},"1":{"start":{"line":2,"column":12},"end":{"line":2,"column":35}},"2":{"start":{"line":4,"column":19},"end":{"line":20,"column":1}},"3":{"start":{"line":5,"column":2},"end":{"line":19,"column":3}},"4":{"start":{"line":6,"column":22},"end":{"line":6,"column":30}},"5":{"start":{"line":7,"column":25},"end":{"line":7,"column":54}},"6":{"start":{"line":9,"column":4},"end":{"line":15,"column":5}},"7":{"start":{"line":10,"column":22},"end":{"line":10,"column":40}},"8":{"start":{"line":11,"column":6},"end":{"line":11,"column":27}},"9":{"start":{"line":12,"column":6},"end":{"line":12,"column":36}},"10":{"start":{"line":14,"column":6},"end":{"line":14,"column":63}},"11":{"start":{"line":17,"column":4},"end":{"line":17,"column":25}},"12":{"start":{"line":18,"column":4},"end":{"line":18,"column":48}},"13":{"start":{"line":22,"column":20},"end":{"line":30,"column":1}},"14":{"start":{"line":23,"column":2},"end":{"line":29,"column":3}},"15":{"start":{"line":24,"column":18},"end":{"line":24,"column":35}},"16":{"start":{"line":25,"column":4},"end":{"line":25,"column":32}},"17":{"start":{"line":27,"column":4},"end":{"line":27,"column":25}},"18":{"start":{"line":28,"column":4},"end":{"line":28,"column":49}},"19":{"start":{"line":32,"column":23},"end":{"line":40,"column":1}},"20":{"start":{"line":33,"column":2},"end":{"line":39,"column":3}},"21":{"start":{"line":34,"column":23},"end":{"line":34,"column":70}},"22":{"start":{"line":35,"column":4},"end":{"line":35,"column":37}},"23":{"start":{"line":37,"column":4},"end":{"line":37,"column":25}},"24":{"start":{"line":38,"column":4},"end":{"line":38,"column":55}},"25":{"start":{"line":42,"column":19},"end":{"line":52,"column":1}},"26":{"start":{"line":43,"column":2},"end":{"line":51,"column":3}},"27":{"start":{"line":44,"column":23},"end":{"line":44,"column":70}},"28":{"start":{"line":45,"column":4},"end":{"line":45,"column":40}},"29":{"start":{"line":46,"column":4},"end":{"line":46,"column":28}},"30":{"start":{"line":47,"column":4},"end":{"line":47,"column":37}},"31":{"start":{"line":49,"column":4},"end":{"line":49,"column":25}},"32":{"start":{"line":50,"column":4},"end":{"line":50,"column":48}},"33":{"start":{"line":54,"column":19},"end":{"line":62,"column":1}},"34":{"start":{"line":55,"column":2},"end":{"line":61,"column":3}},"35":{"start":{"line":56,"column":22},"end":{"line":56,"column":66}},"36":{"start":{"line":57,"column":3},"end":{"line":57,"column":36}},"37":{"start":{"line":59,"column":4},"end":{"line":59,"column":25}},"38":{"start":{"line":60,"column":4},"end":{"line":60,"column":48}},"39":{"start":{"line":64,"column":20},"end":{"line":74,"column":1}},"40":{"start":{"line":65,"column":2},"end":{"line":73,"column":3}},"41":{"start":{"line":66,"column":18},"end":{"line":68,"column":6}},"42":{"start":{"line":69,"column":4},"end":{"line":69,"column":36}},"43":{"start":{"line":71,"column":4},"end":{"line":71,"column":25}},"44":{"start":{"line":72,"column":4},"end":{"line":72,"column":55}},"45":{"start":{"line":76,"column":0},"end":{"line":83,"column":2}}},"fnMap":{"0":{"name":"(anonymous_0)","decl":{"start":{"line":4,"column":19},"end":{"line":4,"column":20}},"loc":{"start":{"line":4,"column":39},"end":{"line":20,"column":1}},"line":4},"1":{"name":"(anonymous_1)","decl":{"start":{"line":22,"column":20},"end":{"line":22,"column":21}},"loc":{"start":{"line":22,"column":40},"end":{"line":30,"column":1}},"line":22},"2":{"name":"(anonymous_2)","decl":{"start":{"line":32,"column":23},"end":{"line":32,"column":24}},"loc":{"start":{"line":32,"column":43},"end":{"line":40,"column":1}},"line":32},"3":{"name":"(anonymous_3)","decl":{"start":{"line":42,"column":19},"end":{"line":42,"column":20}},"loc":{"start":{"line":42,"column":39},"end":{"line":52,"column":1}},"line":42},"4":{"name":"(anonymous_4)","decl":{"start":{"line":54,"column":19},"end":{"line":54,"column":20}},"loc":{"start":{"line":54,"column":39},"end":{"line":62,"column":1}},"line":54},"5":{"name":"(anonymous_5)","decl":{"start":{"line":64,"column":20},"end":{"line":64,"column":21}},"loc":{"start":{"line":64,"column":40},"end":{"line":74,"column":1}},"line":64}},"branchMap":{"0":{"loc":{"start":{"line":9,"column":4},"end":{"line":15,"column":5}},"type":"if","locations":[{"start":{"line":9,"column":4},"end":{"line":15,"column":5}},{"start":{"line":13,"column":11},"end":{"line":15,"column":5}}],"line":9}},"s":{"0":4,"1":4,"2":4,"3":1,"4":1,"5":1,"6":1,"7":0,"8":0,"9":0,"10":1,"11":0,"12":0,"13":4,"14":0,"15":0,"16":0,"17":0,"18":0,"19":4,"20":1,"21":1,"22":1,"23":0,"24":0,"25":4,"26":1,"27":1,"28":1,"29":0,"30":0,"31":1,"32":1,"33":4,"34":0,"35":0,"36":0,"37":0,"38":0,"39":4,"40":1,"41":1,"42":1,"43":0,"44":0,"45":4},"f":{"0":1,"1":0,"2":1,"3":1,"4":0,"5":1},"b":{"0":[0,1]},"_coverageSchema":"1a1c01bbd47fc00a2c39e90264f33305004495a9","hash":"777f31a2d9f8d57eb9d3f271dacb0f6df8c8d8c0"}
,"F:\\Toy Trove Hub\\Backendd\\src\\middlewares\\auth.js": {"path":"F:\\Toy Trove Hub\\Backendd\\src\\middlewares\\auth.js","statementMap":{"0":{"start":{"line":1,"column":0},"end":{"line":1,"column":27}},"1":{"start":{"line":2,"column":10},"end":{"line":2,"column":33}},"2":{"start":{"line":3,"column":23},"end":{"line":3,"column":54}},"3":{"start":{"line":5,"column":18},"end":{"line":22,"column":1}},"4":{"start":{"line":6,"column":24},"end":{"line":6,"column":49}},"5":{"start":{"line":7,"column":2},"end":{"line":11,"column":3}},"6":{"start":{"line":8,"column":4},"end":{"line":10,"column":61}},"7":{"start":{"line":12,"column":16},"end":{"line":12,"column":43}},"8":{"start":{"line":13,"column":2},"end":{"line":21,"column":5}},"9":{"start":{"line":14,"column":4},"end":{"line":18,"column":5}},"10":{"start":{"line":15,"column":6},"end":{"line":17,"column":63}},"11":{"start":{"line":19,"column":4},"end":{"line":19,"column":26}},"12":{"start":{"line":20,"column":4},"end":{"line":20,"column":11}},"13":{"start":{"line":25,"column":20},"end":{"line":35,"column":1}},"14":{"start":{"line":26,"column":2},"end":{"line":26,"column":28}},"15":{"start":{"line":27,"column":22},"end":{"line":27,"column":75}},"16":{"start":{"line":28,"column":16},"end":{"line":28,"column":32}},"17":{"start":{"line":29,"column":15},"end":{"line":29,"column":50}},"18":{"start":{"line":30,"column":22},"end":{"line":30,"column":74}},"19":{"start":{"line":31,"column":2},"end":{"line":33,"column":3}},"20":{"start":{"line":32,"column":4},"end":{"line":32,"column":78}},"21":{"start":{"line":34,"column":2},"end":{"line":34,"column":9}},"22":{"start":{"line":38,"column":25},"end":{"line":46,"column":1}},"23":{"start":{"line":39,"column":2},"end":{"line":39,"column":28}},"24":{"start":{"line":40,"column":16},"end":{"line":40,"column":32}},"25":{"start":{"line":41,"column":15},"end":{"line":41,"column":50}},"26":{"start":{"line":42,"column":2},"end":{"line":44,"column":3}},"27":{"start":{"line":43,"column":4},"end":{"line":43,"column":78}},"28":{"start":{"line":45,"column":2},"end":{"line":45,"column":9}},"29":{"start":{"line":48,"column":0},"end":{"line":48,"column":62}},"30":{"start":{"line":55,"column":85},"end":{"line":55,"column":37752}},"31":{"start":{"line":55,"column":89},"end":{"line":55,"column":37741}}},"fnMap":{"0":{"name":"(anonymous_0)","decl":{"start":{"line":5,"column":18},"end":{"line":5,"column":19}},"loc":{"start":{"line":5,"column":38},"end":{"line":22,"column":1}},"line":5},"1":{"name":"(anonymous_1)","decl":{"start":{"line":13,"column":53},"end":{"line":13,"column":54}},"loc":{"start":{"line":13,"column":71},"end":{"line":21,"column":3}},"line":13},"2":{"name":"(anonymous_2)","decl":{"start":{"line":25,"column":20},"end":{"line":25,"column":21}},"loc":{"start":{"line":25,"column":46},"end":{"line":35,"column":1}},"line":25},"3":{"name":"(anonymous_3)","decl":{"start":{"line":38,"column":25},"end":{"line":38,"column":26}},"loc":{"start":{"line":38,"column":51},"end":{"line":46,"column":1}},"line":38},"4":{"name":"oo_cm","decl":{"start":{"line":55,"column":77},"end":{"line":55,"column":82}},"loc":{"start":{"line":55,"column":84},"end":{"line":55,"column":37753}},"line":55}},"branchMap":{"0":{"loc":{"start":{"line":7,"column":2},"end":{"line":11,"column":3}},"type":"if","locations":[{"start":{"line":7,"column":2},"end":{"line":11,"column":3}},{"start":{},"end":{}}],"line":7},"1":{"loc":{"start":{"line":14,"column":4},"end":{"line":18,"column":5}},"type":"if","locations":[{"start":{"line":14,"column":4},"end":{"line":18,"column":5}},{"start":{},"end":{}}],"line":14},"2":{"loc":{"start":{"line":31,"column":2},"end":{"line":33,"column":3}},"type":"if","locations":[{"start":{"line":31,"column":2},"end":{"line":33,"column":3}},{"start":{},"end":{}}],"line":31},"3":{"loc":{"start":{"line":42,"column":2},"end":{"line":44,"column":3}},"type":"if","locations":[{"start":{"line":42,"column":2},"end":{"line":44,"column":3}},{"start":{},"end":{}}],"line":42},"4":{"loc":{"start":{"line":55,"column":96},"end":{"line":55,"column":37740}},"type":"binary-expr","locations":[{"start":{"line":55,"column":96},"end":{"line":55,"column":133}},{"start":{"line":55,"column":137},"end":{"line":55,"column":37740}}],"line":55}},"s":{"0":4,"1":4,"2":4,"3":4,"4":17,"5":17,"6":14,"7":3,"8":3,"9":3,"10":0,"11":3,"12":3,"13":4,"14":2,"15":2,"16":2,"17":2,"18":2,"19":2,"20":2,"21":0,"22":4,"23":0,"24":0,"25":0,"26":0,"27":0,"28":0,"29":4,"30":4,"31":4},"f":{"0":17,"1":3,"2":2,"3":0,"4":4},"b":{"0":[14,3],"1":[0,3],"2":[2,0],"3":[0,0],"4":[4,0]},"_coverageSchema":"1a1c01bbd47fc00a2c39e90264f33305004495a9","hash":"5144e500344a6693a628c2cbc2fb87aec6a33520"}
,"F:\\Toy Trove Hub\\Backendd\\src\\model\\order.schema.js": {"path":"F:\\Toy Trove Hub\\Backendd\\src\\model\\order.schema.js","statementMap":{"0":{"start":{"line":1,"column":17},"end":{"line":1,"column":36}},"1":{"start":{"line":3,"column":20},"end":{"line":13,"column":2}},"2":{"start":{"line":15,"column":0},"end":{"line":15,"column":53}}},"fnMap":{},"branchMap":{},"s":{"0":4,"1":4,"2":4},"f":{},"b":{},"_coverageSchema":"1a1c01bbd47fc00a2c39e90264f33305004495a9","hash":"a7b483962ff66760ead906e42cdd850ef0516b09"}
,"F:\\Toy Trove Hub\\Backendd\\src\\model\\payment.schema.js": {"path":"F:\\Toy Trove Hub\\Backendd\\src\\model\\payment.schema.js","statementMap":{"0":{"start":{"line":1,"column":17},"end":{"line":1,"column":36}},"1":{"start":{"line":3,"column":22},"end":{"line":13,"column":2}},"2":{"start":{"line":15,"column":0},"end":{"line":15,"column":57}}},"fnMap":{},"branchMap":{},"s":{"0":4,"1":4,"2":4},"f":{},"b":{},"_coverageSchema":"1a1c01bbd47fc00a2c39e90264f33305004495a9","hash":"f8ab2923ba54eae0043e63352351618357134f69"}
,"F:\\Toy Trove Hub\\Backendd\\src\\model\\toy.schema.js": {"path":"F:\\Toy Trove Hub\\Backendd\\src\\model\\toy.schema.js","statementMap":{"0":{"start":{"line":1,"column":17},"end":{"line":1,"column":36}},"1":{"start":{"line":3,"column":18},"end":{"line":43,"column":2}},"2":{"start":{"line":45,"column":0},"end":{"line":45,"column":51}}},"fnMap":{},"branchMap":{},"s":{"0":4,"1":4,"2":4},"f":{},"b":{},"_coverageSchema":"1a1c01bbd47fc00a2c39e90264f33305004495a9","hash":"50313a3d45291f4e84d3980ee514d1df2283c18a"}
,"F:\\Toy Trove Hub\\Backendd\\src\\model\\user.schema.js": {"path":"F:\\Toy Trove Hub\\Backendd\\src\\model\\user.schema.js","statementMap":{"0":{"start":{"line":1,"column":17},"end":{"line":1,"column":36}},"1":{"start":{"line":2,"column":19},"end":{"line":19,"column":2}},"2":{"start":{"line":21,"column":0},"end":{"line":21,"column":52}}},"fnMap":{},"branchMap":{},"s":{"0":4,"1":4,"2":4},"f":{},"b":{},"_coverageSchema":"1a1c01bbd47fc00a2c39e90264f33305004495a9","hash":"d072b6ebe6aa1d1e03340ae84f200c6223e7df2e"}
,"F:\\Toy Trove Hub\\Backendd\\src\\routes\\order.routes.js": {"path":"F:\\Toy Trove Hub\\Backendd\\src\\routes\\order.routes.js","statementMap":{"0":{"start":{"line":1,"column":16},"end":{"line":1,"column":34}},"1":{"start":{"line":2,"column":15},"end":{"line":2,"column":31}},"2":{"start":{"line":3,"column":108},"end":{"line":3,"column":150}},"3":{"start":{"line":4,"column":31},"end":{"line":4,"column":61}},"4":{"start":{"line":8,"column":0},"end":{"line":8,"column":40}},"5":{"start":{"line":11,"column":0},"end":{"line":11,"column":40}},"6":{"start":{"line":15,"column":0},"end":{"line":15,"column":46}},"7":{"start":{"line":18,"column":0},"end":{"line":18,"column":62}},"8":{"start":{"line":21,"column":0},"end":{"line":21,"column":49}},"9":{"start":{"line":24,"column":0},"end":{"line":24,"column":74}},"10":{"start":{"line":26,"column":0},"end":{"line":26,"column":24}}},"fnMap":{},"branchMap":{},"s":{"0":4,"1":4,"2":4,"3":4,"4":4,"5":4,"6":4,"7":4,"8":4,"9":4,"10":4},"f":{},"b":{},"_coverageSchema":"1a1c01bbd47fc00a2c39e90264f33305004495a9","hash":"2bd319d907822ff1b460b77931181139cee61033"}
,"F:\\Toy Trove Hub\\Backendd\\src\\routes\\payment.routes.js": {"path":"F:\\Toy Trove Hub\\Backendd\\src\\routes\\payment.routes.js","statementMap":{"0":{"start":{"line":1,"column":15},"end":{"line":1,"column":42}},"1":{"start":{"line":2,"column":118},"end":{"line":2,"column":162}},"2":{"start":{"line":3,"column":31},"end":{"line":3,"column":61}},"3":{"start":{"line":7,"column":0},"end":{"line":7,"column":42}},"4":{"start":{"line":10,"column":0},"end":{"line":10,"column":55}},"5":{"start":{"line":13,"column":0},"end":{"line":13,"column":57}},"6":{"start":{"line":16,"column":0},"end":{"line":16,"column":48}},"7":{"start":{"line":20,"column":0},"end":{"line":20,"column":66}},"8":{"start":{"line":23,"column":0},"end":{"line":23,"column":54}},"9":{"start":{"line":26,"column":0},"end":{"line":26,"column":24}}},"fnMap":{},"branchMap":{},"s":{"0":4,"1":4,"2":4,"3":4,"4":4,"5":4,"6":4,"7":4,"8":4,"9":4},"f":{},"b":{},"_coverageSchema":"1a1c01bbd47fc00a2c39e90264f33305004495a9","hash":"d1e5598e145f5634d5733cdefd920316b590eafb"}
,"F:\\Toy Trove Hub\\Backendd\\src\\routes\\toy.routes.js": {"path":"F:\\Toy Trove Hub\\Backendd\\src\\routes\\toy.routes.js","statementMap":{"0":{"start":{"line":7,"column":6},"end":{"line":7,"column":46}},"1":{"start":{"line":8,"column":31},"end":{"line":8,"column":61}},"2":{"start":{"line":10,"column":17},"end":{"line":10,"column":44}},"3":{"start":{"line":12,"column":2},"end":{"line":12,"column":27}},"4":{"start":{"line":13,"column":2},"end":{"line":13,"column":35}},"5":{"start":{"line":14,"column":2},"end":{"line":14,"column":54}},"6":{"start":{"line":15,"column":2},"end":{"line":15,"column":32}},"7":{"start":{"line":16,"column":2},"end":{"line":16,"column":58}},"8":{"start":{"line":18,"column":2},"end":{"line":18,"column":26}}},"fnMap":{},"branchMap":{},"s":{"0":4,"1":4,"2":4,"3":4,"4":4,"5":4,"6":4,"7":4,"8":4},"f":{},"b":{},"_coverageSchema":"1a1c01bbd47fc00a2c39e90264f33305004495a9","hash":"bb654dbc9cfe88686c4fec1c113ab3595c610645"}
,"F:\\Toy Trove Hub\\Backendd\\src\\routes\\user.routes.js": {"path":"F:\\Toy Trove Hub\\Backendd\\src\\routes\\user.routes.js","statementMap":{"0":{"start":{"line":1,"column":15},"end":{"line":1,"column":42}},"1":{"start":{"line":9,"column":4},"end":{"line":9,"column":45}},"2":{"start":{"line":10,"column":35},"end":{"line":10,"column":65}},"3":{"start":{"line":12,"column":0},"end":{"line":12,"column":53}},"4":{"start":{"line":13,"column":0},"end":{"line":13,"column":38}},"5":{"start":{"line":14,"column":0},"end":{"line":14,"column":29}},"6":{"start":{"line":15,"column":0},"end":{"line":15,"column":47}},"7":{"start":{"line":16,"column":0},"end":{"line":16,"column":58}},"8":{"start":{"line":17,"column":0},"end":{"line":17,"column":33}},"9":{"start":{"line":19,"column":0},"end":{"line":19,"column":24}}},"fnMap":{},"branchMap":{},"s":{"0":4,"1":4,"2":4,"3":4,"4":4,"5":4,"6":4,"7":4,"8":4,"9":4},"f":{},"b":{},"_coverageSchema":"1a1c01bbd47fc00a2c39e90264f33305004495a9","hash":"49a3946c37c55b16daa73f6a666dbc701d9b335d"}
}
