TN:
SF:src\config\config.js
FNF:0
FNH:0
DA:1,4
DA:3,4
DA:12,4
LF:3
LH:3
BRDA:5,0,0,4
BRDA:5,0,1,4
BRF:2
BRH:2
end_of_record
TN:
SF:src\config\db.js
FN:23,(anonymous_0)
FN:27,(anonymous_1)
FN:31,(anonymous_2)
FN:35,(anonymous_3)
FN:36,(anonymous_4)
FN:47,oo_cm
FNF:6
FNH:2
FNDA:4,(anonymous_0)
FNDA:0,(anonymous_1)
FNDA:0,(anonymous_2)
FNDA:0,(anonymous_3)
FNDA:0,(anonymous_4)
FNDA:4,oo_cm
DA:1,4
DA:2,4
DA:5,4
DA:17,4
DA:23,4
DA:24,4
DA:27,4
DA:28,0
DA:31,4
DA:32,0
DA:35,4
DA:36,0
DA:37,0
DA:38,0
DA:47,4
LF:15
LH:10
BRDA:47,0,0,4
BRDA:47,0,1,4
BRF:2
BRH:2
end_of_record
TN:
SF:src\controllers\order.controller.js
FN:4,(anonymous_0)
FN:14,(anonymous_1)
FN:25,(anonymous_2)
FN:36,(anonymous_3)
FN:47,(anonymous_4)
FN:58,(anonymous_5)
FNF:6
FNH:6
FNDA:1,(anonymous_0)
FNDA:1,(anonymous_1)
FNDA:1,(anonymous_2)
FNDA:1,(anonymous_3)
FNDA:1,(anonymous_4)
FNDA:1,(anonymous_5)
DA:1,4
DA:4,4
DA:5,1
DA:6,1
DA:7,1
DA:9,0
DA:14,4
DA:15,1
DA:16,1
DA:17,1
DA:18,1
DA:20,0
DA:25,4
DA:26,1
DA:27,1
DA:28,1
DA:29,1
DA:31,0
DA:36,4
DA:37,1
DA:38,1
DA:39,1
DA:40,1
DA:42,0
DA:47,4
DA:48,1
DA:49,1
DA:50,1
DA:51,1
DA:53,0
DA:58,4
DA:59,1
DA:60,1
DA:61,1
DA:62,1
DA:64,0
DA:68,4
LF:37
LH:31
BRF:0
BRH:0
end_of_record
TN:
SF:src\controllers\payment.controller.js
FN:4,(anonymous_0)
FN:26,(anonymous_1)
FN:37,(anonymous_2)
FN:54,(anonymous_3)
FN:71,(anonymous_4)
FNF:5
FNH:5
FNDA:1,(anonymous_0)
FNDA:1,(anonymous_1)
FNDA:1,(anonymous_2)
FNDA:1,(anonymous_3)
FNDA:1,(anonymous_4)
DA:1,4
DA:4,4
DA:5,1
DA:6,1
DA:10,1
DA:17,1
DA:18,1
DA:20,0
DA:21,0
DA:26,4
DA:27,1
DA:28,1
DA:29,1
DA:31,0
DA:32,0
DA:37,4
DA:38,1
DA:39,1
DA:40,1
DA:42,1
DA:43,0
DA:46,1
DA:48,0
DA:49,0
DA:54,4
DA:55,1
DA:56,1
DA:57,1
DA:59,1
DA:60,0
DA:63,1
DA:65,0
DA:66,0
DA:71,4
DA:72,1
DA:73,1
DA:74,1
DA:76,1
DA:77,0
DA:80,1
DA:82,0
DA:83,0
DA:87,4
LF:43
LH:30
BRDA:42,0,0,0
BRDA:42,0,1,1
BRDA:59,1,0,0
BRDA:59,1,1,1
BRDA:76,2,0,0
BRDA:76,2,1,1
BRF:6
BRH:3
end_of_record
TN:
SF:src\controllers\toy.controller.js
FN:3,(anonymous_0)
FN:14,(anonymous_1)
FN:56,(anonymous_2)
FN:66,(anonymous_3)
FN:80,(anonymous_4)
FNF:5
FNH:5
FNDA:1,(anonymous_0)
FNDA:1,(anonymous_1)
FNDA:1,(anonymous_2)
FNDA:1,(anonymous_3)
FNDA:1,(anonymous_4)
DA:1,4
DA:3,4
DA:4,1
DA:5,1
DA:6,1
DA:7,1
DA:9,0
DA:10,0
DA:14,4
DA:15,1
DA:16,1
DA:18,1
DA:19,0
DA:20,0
DA:21,0
DA:22,0
DA:27,0
DA:29,0
DA:32,0
DA:33,0
DA:35,1
DA:36,0
DA:37,0
DA:38,0
DA:42,0
DA:44,0
DA:47,1
DA:48,1
DA:51,0
DA:52,0
DA:56,4
DA:57,1
DA:58,1
DA:59,1
DA:61,0
DA:62,0
DA:66,4
DA:67,1
DA:68,1
DA:73,1
DA:75,0
DA:76,0
DA:80,4
DA:81,1
DA:82,1
DA:83,1
DA:85,0
DA:86,0
DA:90,4
LF:49
LH:26
BRDA:18,0,0,0
BRDA:18,0,1,1
BRDA:19,1,0,0
BRDA:19,1,1,0
BRDA:21,2,0,0
BRDA:21,2,1,0
BRDA:35,3,0,0
BRDA:35,3,1,1
BRDA:37,4,0,0
BRDA:37,4,1,0
BRF:10
BRH:2
end_of_record
TN:
SF:src\controllers\user.controller.js
FN:4,(anonymous_0)
FN:22,(anonymous_1)
FN:32,(anonymous_2)
FN:42,(anonymous_3)
FN:54,(anonymous_4)
FN:64,(anonymous_5)
FNF:6
FNH:6
FNDA:1,(anonymous_0)
FNDA:1,(anonymous_1)
FNDA:1,(anonymous_2)
FNDA:1,(anonymous_3)
FNDA:1,(anonymous_4)
FNDA:1,(anonymous_5)
DA:1,4
DA:2,4
DA:4,4
DA:5,1
DA:6,1
DA:7,1
DA:9,1
DA:10,1
DA:11,1
DA:12,1
DA:14,0
DA:17,0
DA:18,0
DA:22,4
DA:23,1
DA:24,1
DA:25,1
DA:27,0
DA:28,0
DA:32,4
DA:33,1
DA:34,1
DA:35,1
DA:37,0
DA:38,0
DA:42,4
DA:43,1
DA:44,1
DA:45,1
DA:46,1
DA:47,1
DA:49,0
DA:50,0
DA:54,4
DA:55,1
DA:56,1
DA:57,1
DA:59,0
DA:60,0
DA:64,4
DA:65,1
DA:66,1
DA:69,1
DA:71,0
DA:72,0
DA:76,4
LF:46
LH:33
BRDA:9,0,0,1
BRDA:9,0,1,0
BRF:2
BRH:1
end_of_record
TN:
SF:src\middlewares\auth.js
FN:5,(anonymous_0)
FN:13,(anonymous_1)
FN:25,(anonymous_2)
FN:36,(anonymous_3)
FNF:4
FNH:0
FNDA:0,(anonymous_0)
FNDA:0,(anonymous_1)
FNDA:0,(anonymous_2)
FNDA:0,(anonymous_3)
DA:1,0
DA:2,0
DA:3,0
DA:5,0
DA:6,0
DA:7,0
DA:8,0
DA:12,0
DA:13,0
DA:14,0
DA:15,0
DA:19,0
DA:20,0
DA:25,0
DA:26,0
DA:27,0
DA:28,0
DA:29,0
DA:30,0
DA:32,0
DA:36,0
DA:37,0
DA:38,0
DA:39,0
DA:40,0
DA:41,0
DA:43,0
DA:46,0
LF:28
LH:0
BRDA:7,0,0,0
BRDA:7,0,1,0
BRDA:14,1,0,0
BRDA:14,1,1,0
BRDA:29,2,0,0
BRDA:29,2,1,0
BRDA:40,3,0,0
BRDA:40,3,1,0
BRF:8
BRH:0
end_of_record
TN:
SF:src\model\order.schema.js
FNF:0
FNH:0
DA:1,4
DA:3,4
DA:13,4
LF:3
LH:3
BRF:0
BRH:0
end_of_record
TN:
SF:src\model\payment.schema.js
FNF:0
FNH:0
DA:1,4
DA:3,4
DA:15,4
LF:3
LH:3
BRF:0
BRH:0
end_of_record
TN:
SF:src\model\toy.schema.js
FNF:0
FNH:0
DA:1,4
DA:3,4
DA:45,4
LF:3
LH:3
BRF:0
BRH:0
end_of_record
TN:
SF:src\model\user.schema.js
FNF:0
FNH:0
DA:1,4
DA:2,4
DA:21,4
LF:3
LH:3
BRF:0
BRH:0
end_of_record
TN:
SF:src\routes\order.routes.js
FNF:0
FNH:0
DA:1,4
DA:2,4
DA:3,4
DA:7,4
DA:10,4
DA:14,4
DA:17,4
DA:20,4
DA:23,4
DA:25,4
LF:10
LH:10
BRF:0
BRH:0
end_of_record
TN:
SF:src\routes\payment.routes.js
FNF:0
FNH:0
DA:1,4
DA:2,4
DA:6,4
DA:9,4
DA:12,4
DA:15,4
DA:18,4
DA:21,4
LF:8
LH:8
BRF:0
BRH:0
end_of_record
TN:
SF:src\routes\toy.routes.js
FNF:0
FNH:0
DA:7,4
DA:9,4
DA:11,4
DA:12,4
DA:13,4
DA:14,4
DA:15,4
DA:17,4
LF:8
LH:8
BRF:0
BRH:0
end_of_record
TN:
SF:src\routes\user.routes.js
FNF:0
FNH:0
DA:1,4
DA:9,4
DA:11,4
DA:12,4
DA:13,4
DA:14,4
DA:15,4
DA:16,4
DA:18,4
LF:9
LH:9
BRF:0
BRH:0
end_of_record
